d:\workfiles\master1_autumn\alwaysprogramming\experiment\stackoverflowgui\gui\debug\vc142.pdb
d:\workfiles\master1_autumn\alwaysprogramming\experiment\stackoverflowgui\gui\debug\vc142.idb
d:\workfiles\master1_autumn\alwaysprogramming\experiment\stackoverflowgui\gui\debug\gui.obj
d:\workfiles\master1_autumn\alwaysprogramming\experiment\stackoverflowgui\gui\debug\gui.exe
d:\workfiles\master1_autumn\alwaysprogramming\experiment\stackoverflowgui\gui\debug\gui.ilk
d:\workfiles\master1_autumn\alwaysprogramming\experiment\stackoverflowgui\gui\debug\gui.pdb
d:\workfiles\master1_autumn\alwaysprogramming\experiment\stackoverflowgui\gui\debug\gui.res
d:\workfiles\master1_autumn\stackoverflow\gui\gui\debug\gui.obj
d:\workfiles\master1_autumn\stackoverflow\gui\gui\debug\gui.ilk
d:\workfiles\master1_autumn\stackoverflow\gui\gui\debug\gui.res
d:\workfiles\master1_autumn\stackoverflow\gui\gui\debug\vc142.idb
d:\workfiles\master1_autumn\stackoverflow\gui\gui\debug\gui.pdb
d:\workfiles\master1_autumn\stackoverflow\gui\gui\debug\vc142.pdb
d:\workfiles\master1_autumn\stackoverflow\gui\gui\debug\gui.exe
d:\workfiles\master1_autumn\stackoverflow\gui\gui\debug\gui.tlog\cl.command.1.tlog
d:\workfiles\master1_autumn\stackoverflow\gui\gui\debug\gui.tlog\cl.read.1.tlog
d:\workfiles\master1_autumn\stackoverflow\gui\gui\debug\gui.tlog\cl.write.1.tlog
d:\workfiles\master1_autumn\stackoverflow\gui\gui\debug\gui.tlog\link.command.1.tlog
d:\workfiles\master1_autumn\stackoverflow\gui\gui\debug\gui.tlog\link.read.1.tlog
d:\workfiles\master1_autumn\stackoverflow\gui\gui\debug\gui.tlog\link.write.1.tlog
d:\workfiles\master1_autumn\stackoverflow\gui\gui\debug\gui.tlog\rc.command.1.tlog
d:\workfiles\master1_autumn\stackoverflow\gui\gui\debug\gui.tlog\rc.read.1.tlog
d:\workfiles\master1_autumn\stackoverflow\gui\gui\debug\gui.tlog\rc.write.1.tlog
