d:\workfiles\master1_autumn\alwaysprogramming\experiment\stackoverflowconsoe\dll1\debug\dll1.pch
d:\workfiles\master1_autumn\alwaysprogramming\experiment\stackoverflowconsoe\dll1\debug\vc142.pdb
d:\workfiles\master1_autumn\alwaysprogramming\experiment\stackoverflowconsoe\dll1\debug\vc142.idb
d:\workfiles\master1_autumn\alwaysprogramming\experiment\stackoverflowconsoe\dll1\debug\pch.obj
d:\workfiles\master1_autumn\alwaysprogramming\experiment\stackoverflowconsoe\dll1\debug\dll_func.obj
d:\workfiles\master1_autumn\alwaysprogramming\experiment\stackoverflowconsoe\dll1\debug\dllmain.obj
d:\workfiles\master1_autumn\alwaysprogramming\experiment\stackoverflowconsoe\console\debug\dll1.lib
d:\workfiles\master1_autumn\alwaysprogramming\experiment\stackoverflowconsoe\console\debug\dll1.exp
d:\workfiles\master1_autumn\alwaysprogramming\experiment\stackoverflowconsoe\console\debug\dll1.ilk
d:\workfiles\master1_autumn\alwaysprogramming\experiment\stackoverflowconsoe\console\debug\dll1.dll
d:\workfiles\master1_autumn\alwaysprogramming\experiment\stackoverflowconsoe\console\debug\dll1.pdb
d:\workfiles\master1_autumn\stackoverflow\console\dll1\debug\dllmain.obj
d:\workfiles\master1_autumn\stackoverflow\console\dll1\debug\dll_func.obj
d:\workfiles\master1_autumn\stackoverflow\console\dll1\debug\pch.obj
d:\workfiles\master1_autumn\stackoverflow\console\dll1\debug\dll1.pch
d:\workfiles\master1_autumn\stackoverflow\console\dll1\debug\vc142.idb
d:\workfiles\master1_autumn\stackoverflow\console\dll1\debug\vc142.pdb
d:\workfiles\master1_autumn\stackoverflow\console\console\debug\dll1.pdb
d:\workfiles\master1_autumn\stackoverflow\console\console\debug\dll1.dll
d:\workfiles\master1_autumn\stackoverflow\console\console\debug\dll1.ilk
d:\workfiles\master1_autumn\stackoverflow\console\dll1\debug\dll1.tlog\cl.command.1.tlog
d:\workfiles\master1_autumn\stackoverflow\console\dll1\debug\dll1.tlog\cl.read.1.tlog
d:\workfiles\master1_autumn\stackoverflow\console\dll1\debug\dll1.tlog\cl.write.1.tlog
d:\workfiles\master1_autumn\stackoverflow\console\dll1\debug\dll1.tlog\dll1.write.1u.tlog
d:\workfiles\master1_autumn\stackoverflow\console\dll1\debug\dll1.tlog\link.command.1.tlog
d:\workfiles\master1_autumn\stackoverflow\console\dll1\debug\dll1.tlog\link.read.1.tlog
d:\workfiles\master1_autumn\stackoverflow\console\dll1\debug\dll1.tlog\link.write.1.tlog
